app/build/intermediates/manifest_merge_blame_file/debug/processDebugMainManifest/manifest-merger-blame-debug-report.txt
1<?xml version="1.0" encoding="utf-8"?>
2<manifest xmlns:android="http://schemas.android.com/apk/res/android"
3    package="uz.bekhzod0211.launcherfortv"
4    android:versionCode="1"
5    android:versionName="1.0" >
6
7    <uses-sdk
8        android:minSdkVersion="21"
9        android:targetSdkVersion="35" />
10
11    <uses-permission android:name="android.permission.QUERY_ALL_PACKAGES" />
11-->src\main\AndroidManifest.xml:5:5-77
11-->src\main\AndroidManifest.xml:5:22-74
12    <uses-permission android:name="android.permission.RECEIVE_BOOT_COMPLETED" />
12-->src\main\AndroidManifest.xml:6:5-81
12-->src\main\AndroidManifest.xml:6:22-78
13
14    <uses-feature
14-->src\main\AndroidManifest.xml:8:5-10:36
15        android:name="android.software.leanback"
15-->src\main\AndroidManifest.xml:9:9-49
16        android:required="false" />
16-->src\main\AndroidManifest.xml:10:9-33
17    <uses-feature
17-->src\main\AndroidManifest.xml:12:5-14:36
18        android:name="android.hardware.touchscreen"
18-->src\main\AndroidManifest.xml:13:9-52
19        android:required="false" />
19-->src\main\AndroidManifest.xml:14:9-33
20    <uses-feature
20-->src\main\AndroidManifest.xml:16:5-18:36
21        android:name="android.hardware.telephony"
21-->src\main\AndroidManifest.xml:17:9-50
22        android:required="false" />
22-->src\main\AndroidManifest.xml:18:9-33
23
24    <permission
24-->[androidx.core:core:1.13.0] AndroidManifest.xml:22:5-24:47
25        android:name="uz.bekhzod0211.launcherfortv.DYNAMIC_RECEIVER_NOT_EXPORTED_PERMISSION"
25-->[androidx.core:core:1.13.0] AndroidManifest.xml:23:9-81
26        android:protectionLevel="signature" />
26-->[androidx.core:core:1.13.0] AndroidManifest.xml:24:9-44
27
28    <uses-permission android:name="uz.bekhzod0211.launcherfortv.DYNAMIC_RECEIVER_NOT_EXPORTED_PERMISSION" />
28-->[androidx.core:core:1.13.0] AndroidManifest.xml:26:5-97
28-->[androidx.core:core:1.13.0] AndroidManifest.xml:26:22-94
29
30    <application
30-->src\main\AndroidManifest.xml:21:5-63:19
31        android:allowBackup="true"
31-->src\main\AndroidManifest.xml:22:9-35
32        android:appComponentFactory="androidx.core.app.CoreComponentFactory"
32-->[androidx.core:core:1.13.0] AndroidManifest.xml:28:18-86
33        android:dataExtractionRules="@xml/data_extraction_rules"
33-->src\main\AndroidManifest.xml:23:9-65
34        android:debuggable="true"
35        android:extractNativeLibs="true"
36        android:fullBackupContent="@xml/backup_rules"
36-->src\main\AndroidManifest.xml:24:9-54
37        android:icon="@mipmap/ic_launcher"
37-->src\main\AndroidManifest.xml:25:9-43
38        android:label="@string/app_name"
38-->src\main\AndroidManifest.xml:26:9-41
39        android:roundIcon="@mipmap/ic_launcher_round"
39-->src\main\AndroidManifest.xml:27:9-54
40        android:supportsRtl="true"
40-->src\main\AndroidManifest.xml:28:9-35
41        android:theme="@style/Theme.LauncherForTV" >
41-->src\main\AndroidManifest.xml:29:9-51
42        <receiver
42-->src\main\AndroidManifest.xml:32:9-38:20
43            android:name="uz.bekhzod0211.launcherfortv.BootReceiver"
43-->src\main\AndroidManifest.xml:32:19-47
44            android:enabled="true"
44-->src\main\AndroidManifest.xml:33:13-35
45            android:exported="true" >
45-->src\main\AndroidManifest.xml:34:13-36
46            <intent-filter>
46-->src\main\AndroidManifest.xml:35:13-37:29
47                <action android:name="android.intent.action.BOOT_COMPLETED" />
47-->src\main\AndroidManifest.xml:36:17-79
47-->src\main\AndroidManifest.xml:36:25-76
48            </intent-filter>
49        </receiver>
50
51        <activity
51-->src\main\AndroidManifest.xml:40:9-62:20
52            android:name="uz.bekhzod0211.launcherfortv.MainActivity"
52-->src\main\AndroidManifest.xml:41:13-41
53            android:excludeFromRecents="true"
53-->src\main\AndroidManifest.xml:45:13-46
54            android:exported="true"
54-->src\main\AndroidManifest.xml:42:13-36
55            android:launchMode="singleInstance"
55-->src\main\AndroidManifest.xml:43:13-48
56            android:taskAffinity="" >
56-->src\main\AndroidManifest.xml:44:13-36
57            <intent-filter>
57-->src\main\AndroidManifest.xml:46:13-61:29
58
59                <!-- Объявляем точку входа -->
60                <action android:name="android.intent.action.MAIN" />
60-->src\main\AndroidManifest.xml:48:17-69
60-->src\main\AndroidManifest.xml:48:25-66
61
62                <!-- Категория домашнего экрана -->
63                <category android:name="android.intent.category.HOME" />
63-->src\main\AndroidManifest.xml:51:17-73
63-->src\main\AndroidManifest.xml:51:27-70
64
65                <!-- Обозначаем как стандартный лаунчер -->
66                <category android:name="android.intent.category.DEFAULT" />
66-->src\main\AndroidManifest.xml:54:17-76
66-->src\main\AndroidManifest.xml:54:27-73
67
68                <!-- Делает доступным из списка лаунчеров -->
69                <category android:name="android.intent.category.LAUNCHER" />
69-->src\main\AndroidManifest.xml:57:17-77
69-->src\main\AndroidManifest.xml:57:27-74
70
71                <!-- Для Android TV (Leanback поддержка) -->
72                <category android:name="android.intent.category.LEANBACK_LAUNCHER" />
72-->src\main\AndroidManifest.xml:60:17-86
72-->src\main\AndroidManifest.xml:60:27-83
73            </intent-filter>
74        </activity>
75
76        <provider
76-->[androidx.emoji2:emoji2:1.2.0] AndroidManifest.xml:24:9-32:20
77            android:name="androidx.startup.InitializationProvider"
77-->[androidx.emoji2:emoji2:1.2.0] AndroidManifest.xml:25:13-67
78            android:authorities="uz.bekhzod0211.launcherfortv.androidx-startup"
78-->[androidx.emoji2:emoji2:1.2.0] AndroidManifest.xml:26:13-68
79            android:exported="false" >
79-->[androidx.emoji2:emoji2:1.2.0] AndroidManifest.xml:27:13-37
80            <meta-data
80-->[androidx.emoji2:emoji2:1.2.0] AndroidManifest.xml:29:13-31:52
81                android:name="androidx.emoji2.text.EmojiCompatInitializer"
81-->[androidx.emoji2:emoji2:1.2.0] AndroidManifest.xml:30:17-75
82                android:value="androidx.startup" />
82-->[androidx.emoji2:emoji2:1.2.0] AndroidManifest.xml:31:17-49
83            <meta-data
83-->[androidx.lifecycle:lifecycle-process:2.6.2] AndroidManifest.xml:29:13-31:52
84                android:name="androidx.lifecycle.ProcessLifecycleInitializer"
84-->[androidx.lifecycle:lifecycle-process:2.6.2] AndroidManifest.xml:30:17-78
85                android:value="androidx.startup" />
85-->[androidx.lifecycle:lifecycle-process:2.6.2] AndroidManifest.xml:31:17-49
86            <meta-data
86-->[androidx.profileinstaller:profileinstaller:1.3.1] AndroidManifest.xml:29:13-31:52
87                android:name="androidx.profileinstaller.ProfileInstallerInitializer"
87-->[androidx.profileinstaller:profileinstaller:1.3.1] AndroidManifest.xml:30:17-85
88                android:value="androidx.startup" />
88-->[androidx.profileinstaller:profileinstaller:1.3.1] AndroidManifest.xml:31:17-49
89        </provider>
90
91        <receiver
91-->[androidx.profileinstaller:profileinstaller:1.3.1] AndroidManifest.xml:34:9-52:20
92            android:name="androidx.profileinstaller.ProfileInstallReceiver"
92-->[androidx.profileinstaller:profileinstaller:1.3.1] AndroidManifest.xml:35:13-76
93            android:directBootAware="false"
93-->[androidx.profileinstaller:profileinstaller:1.3.1] AndroidManifest.xml:36:13-44
94            android:enabled="true"
94-->[androidx.profileinstaller:profileinstaller:1.3.1] AndroidManifest.xml:37:13-35
95            android:exported="true"
95-->[androidx.profileinstaller:profileinstaller:1.3.1] AndroidManifest.xml:38:13-36
96            android:permission="android.permission.DUMP" >
96-->[androidx.profileinstaller:profileinstaller:1.3.1] AndroidManifest.xml:39:13-57
97            <intent-filter>
97-->[androidx.profileinstaller:profileinstaller:1.3.1] AndroidManifest.xml:40:13-42:29
98                <action android:name="androidx.profileinstaller.action.INSTALL_PROFILE" />
98-->[androidx.profileinstaller:profileinstaller:1.3.1] AndroidManifest.xml:41:17-91
98-->[androidx.profileinstaller:profileinstaller:1.3.1] AndroidManifest.xml:41:25-88
99            </intent-filter>
100            <intent-filter>
100-->[androidx.profileinstaller:profileinstaller:1.3.1] AndroidManifest.xml:43:13-45:29
101                <action android:name="androidx.profileinstaller.action.SKIP_FILE" />
101-->[androidx.profileinstaller:profileinstaller:1.3.1] AndroidManifest.xml:44:17-85
101-->[androidx.profileinstaller:profileinstaller:1.3.1] AndroidManifest.xml:44:25-82
102            </intent-filter>
103            <intent-filter>
103-->[androidx.profileinstaller:profileinstaller:1.3.1] AndroidManifest.xml:46:13-48:29
104                <action android:name="androidx.profileinstaller.action.SAVE_PROFILE" />
104-->[androidx.profileinstaller:profileinstaller:1.3.1] AndroidManifest.xml:47:17-88
104-->[androidx.profileinstaller:profileinstaller:1.3.1] AndroidManifest.xml:47:25-85
105            </intent-filter>
106            <intent-filter>
106-->[androidx.profileinstaller:profileinstaller:1.3.1] AndroidManifest.xml:49:13-51:29
107                <action android:name="androidx.profileinstaller.action.BENCHMARK_OPERATION" />
107-->[androidx.profileinstaller:profileinstaller:1.3.1] AndroidManifest.xml:50:17-95
107-->[androidx.profileinstaller:profileinstaller:1.3.1] AndroidManifest.xml:50:25-92
108            </intent-filter>
109        </receiver>
110    </application>
111
112</manifest>